\BOOKMARK [0][-]{chapter.5}{\376\377\000I\000n\000t\000r\000o\000d\000u\000c\000t\000i\000o\000n}{}% 1
\BOOKMARK [1][-]{section.6}{\376\377\000B\000a\000c\000k\000g\000r\000o\000u\000n\000d\000\040\000a\000n\000d\000\040\000M\000o\000t\000i\000v\000a\000t\000i\000o\000n}{chapter.5}% 2
\BOOKMARK [1][-]{section.7}{\376\377\000R\000e\000s\000e\000a\000r\000c\000h\000\040\000O\000b\000j\000e\000c\000t\000i\000v\000e\000s}{chapter.5}% 3
\BOOKMARK [1][-]{section.8}{\376\377\000T\000h\000e\000s\000i\000s\000\040\000S\000t\000r\000u\000c\000t\000u\000r\000e}{chapter.5}% 4
\BOOKMARK [0][-]{chapter.9}{\376\377\000B\000a\000c\000k\000g\000r\000o\000u\000n\000d}{}% 5
\BOOKMARK [1][-]{section.10}{\376\377\000X\000-\000r\000a\000y\000\040\000C\000o\000m\000p\000u\000t\000e\000d\000\040\000T\000o\000m\000o\000g\000r\000a\000p\000h\000y}{chapter.9}% 6
\BOOKMARK [2][-]{subsection.11}{\376\377\000P\000h\000y\000s\000i\000c\000a\000l\000\040\000P\000r\000i\000n\000c\000i\000p\000l\000e\000s}{section.10}% 7
\BOOKMARK [2][-]{subsection.15}{\376\377\000C\000l\000a\000s\000s\000i\000c\000a\000l\000\040\000R\000e\000c\000o\000n\000s\000t\000r\000u\000c\000t\000i\000o\000n\000\040\000A\000l\000g\000o\000r\000i\000t\000h\000m\000s}{section.10}% 8
\BOOKMARK [2][-]{subsection.17}{\376\377\0004\000D\000-\000C\000T\000\040\000a\000n\000d\000\040\000D\000y\000n\000a\000m\000i\000c\000\040\000I\000m\000a\000g\000i\000n\000g}{section.10}% 9
\BOOKMARK [1][-]{section.18}{\376\377\000N\000e\000u\000r\000a\000l\000\040\000N\000e\000t\000w\000o\000r\000k\000s}{chapter.9}% 10
\BOOKMARK [1][-]{section.23}{\376\377\000C\000o\000n\000v\000o\000l\000u\000t\000i\000o\000n\000a\000l\000\040\000N\000e\000u\000r\000a\000l\000\040\000N\000e\000t\000w\000o\000r\000k\000s\000\040\000a\000n\000d\000\040\000I\000m\000a\000g\000e\000-\000t\000o\000-\000I\000m\000a\000g\000e\000\040\000A\000r\000c\000h\000i\000t\000e\000c\000t\000u\000r\000e\000s}{chapter.9}% 11
\BOOKMARK [1][-]{section.31}{\376\377\000I\000m\000p\000l\000i\000c\000i\000t\000\040\000N\000e\000u\000r\000a\000l\000\040\000R\000e\000p\000r\000e\000s\000e\000n\000t\000a\000t\000i\000o\000n\000s}{chapter.9}% 12
\BOOKMARK [2][-]{subsection.35}{\376\377\000N\000e\000u\000r\000a\000l\000\040\000R\000a\000d\000i\000a\000n\000c\000e\000\040\000F\000i\000e\000l\000d\000s\000\040\000\050\000N\000e\000R\000F\000\051}{section.31}% 13
\BOOKMARK [2][-]{subsection.41}{\376\377\000M\000u\000l\000t\000i\000r\000e\000s\000o\000l\000u\000t\000i\000o\000n\000\040\000H\000a\000s\000h\000\040\000E\000n\000c\000o\000d\000i\000n\000g}{section.31}% 14
\BOOKMARK [1][-]{section.44}{\376\377\000N\000e\000C\000T\000:\000\040\000N\000e\000u\000r\000a\000l\000\040\000C\000o\000m\000p\000u\000t\000e\000d\000\040\000T\000o\000m\000o\000g\000r\000a\000p\000h\000y}{chapter.9}% 15
\BOOKMARK [2][-]{subsection.45}{\376\377\000N\000e\000C\000T\000\040\000P\000i\000p\000e\000l\000i\000n\000e\000\040\000O\000v\000e\000r\000v\000i\000e\000w}{section.44}% 16
\BOOKMARK [2][-]{subsection.49}{\376\377\000S\000t\000a\000t\000i\000c\000\040\0003\000D\000\040\000R\000e\000c\000o\000n\000s\000t\000r\000u\000c\000t\000i\000o\000n}{section.44}% 17
\BOOKMARK [2][-]{subsection.52}{\376\377\000D\000y\000n\000a\000m\000i\000c\000\040\0004\000D\000\040\000R\000e\000c\000o\000n\000s\000t\000r\000u\000c\000t\000i\000o\000n\000:\000\040\000N\000e\000C\000T\000\040\000Q\000u\000a\000d\000C\000u\000b\000e\000s}{section.44}% 18
\BOOKMARK [2][-]{subsection.56}{\376\377\000H\000y\000b\000r\000i\000d\000\040\000G\000o\000l\000d\000e\000n\000-\000S\000e\000c\000t\000i\000o\000n\000\040\000S\000a\000m\000p\000l\000i\000n\000g}{section.44}% 19
\BOOKMARK [-1][-]{part.57}{\376\377\000I\000\040\000E\000n\000c\000o\000d\000e\000r\000\040\000O\000p\000t\000i\000m\000i\000s\000a\000t\000i\000o\000n}{}% 20
\BOOKMARK [0][-]{chapter.58}{\376\377\000T\000h\000e\000\040\000E\000n\000c\000o\000d\000e\000r\000\040\000D\000e\000s\000i\000g\000n\000\040\000S\000p\000a\000c\000e}{part.57}% 21
\BOOKMARK [1][-]{section.59}{\376\377\000T\000h\000e\000o\000r\000y}{chapter.58}% 22
\BOOKMARK [2][-]{subsection.60}{\376\377\000W\000h\000a\000t\000\040\000t\000h\000e\000\040\000C\000a\000p\000a\000c\000i\000t\000y\000\040\000P\000a\000r\000a\000m\000e\000t\000e\000r\000s\000\040\000C\000o\000n\000t\000r\000o\000l}{section.59}% 23
\BOOKMARK [2][-]{subsection.61}{\376\377\000C\000o\000l\000l\000i\000s\000i\000o\000n\000\040\000R\000a\000t\000e\000\040\000a\000s\000\040\000a\000\040\000F\000u\000n\000c\000t\000i\000o\000n\000\040\000o\000f\000\040\000E\000n\000c\000o\000d\000e\000r\000\040\000D\000i\000m\000e\000n\000s\000i\000o\000n\000a\000l\000i\000t\000y}{section.59}% 24
\BOOKMARK [2][-]{subsection.62}{\376\377\000T\000h\000e\000\040\000S\000p\000a\000t\000i\000a\000l\000-\000T\000e\000m\000p\000o\000r\000a\000l\000\040\000A\000s\000y\000m\000m\000e\000t\000r\000y}{section.59}% 25
\BOOKMARK [1][-]{section.63}{\376\377\000S\000h\000a\000r\000e\000d\000\040\000E\000x\000p\000e\000r\000i\000m\000e\000n\000t\000a\000l\000\040\000S\000e\000t\000u\000p}{chapter.58}% 26
\BOOKMARK [1][-]{section.72}{\376\377\000C\000o\000l\000l\000i\000s\000i\000o\000n\000\040\000R\000a\000t\000e\000,\000\040\000H\000a\000s\000h\000m\000a\000p\000\040\000S\000i\000z\000e\000,\000\040\000a\000n\000d\000\040\000E\000n\000c\000o\000d\000e\000r\000\040\000D\000i\000m\000e\000n\000s\000i\000o\000n\000a\000l\000i\000t\000y}{chapter.58}% 27
\BOOKMARK [2][-]{subsection.73}{\376\377\000H\000a\000s\000h\000m\000a\000p\000\040\000S\000i\000z\000e\000\040\000S\000w\000e\000e\000p\000\040\000i\000n\000\040\000Q\000u\000a\000d\000C\000u\000b\000e\000s}{section.72}% 28
\BOOKMARK [2][-]{subsection.77}{\376\377\000S\000i\000n\000g\000l\000e\000C\000u\000b\000e\000:\000\040\000C\000o\000l\000l\000i\000s\000i\000o\000n\000\040\000R\000a\000t\000e\000\040\000a\000t\000\040\000t\000h\000e\000\040\000E\000x\000t\000r\000e\000m\000e}{section.72}% 29
\BOOKMARK [2][-]{subsection.79}{\376\377\000S\000y\000n\000t\000h\000e\000s\000i\000s\000:\000\040\000P\000r\000e\000c\000i\000s\000i\000o\000n\000\040\000P\000e\000r\000\040\000P\000a\000r\000a\000m\000e\000t\000e\000r\000\040\000I\000s\000\040\000G\000o\000v\000e\000r\000n\000e\000d\000\040\000b\000y\000\040\000C\000o\000l\000l\000i\000s\000i\000o\000n\000\040\000L\000o\000a\000d}{section.72}% 30
\BOOKMARK [1][-]{section.80}{\376\377\000T\000r\000a\000i\000n\000i\000n\000g\000\040\000T\000i\000m\000e\000,\000\040\000F\000r\000e\000q\000u\000e\000n\000c\000y\000\040\000C\000o\000v\000e\000r\000a\000g\000e\000,\000\040\000a\000n\000d\000\040\000C\000o\000o\000r\000d\000i\000n\000a\000t\000e\000\040\000C\000o\000u\000p\000l\000i\000n\000g}{chapter.58}% 31
\BOOKMARK [2][-]{subsection.81}{\376\377\000N\000u\000m\000b\000e\000r\000\040\000o\000f\000\040\000L\000e\000v\000e\000l\000s\000\040\000S\000w\000e\000e\000p\000\040\000i\000n\000\040\000Q\000u\000a\000d\000C\000u\000b\000e\000s}{section.80}% 32
\BOOKMARK [2][-]{subsection.84}{\376\377\000F\000e\000a\000t\000u\000r\000e\000s\000\040\000P\000e\000r\000\040\000L\000e\000v\000e\000l}{section.80}% 33
\BOOKMARK [2][-]{subsection.85}{\376\377\000T\000r\000a\000i\000n\000i\000n\000g\000\040\000T\000i\000m\000e\000\040\000a\000t\000\040\000E\000q\000u\000a\000l\000i\000s\000e\000d\000\040\000B\000u\000d\000g\000e\000t}{section.80}% 34
\BOOKMARK [2][-]{subsection.87}{\376\377\000S\000e\000x\000C\000u\000b\000e\000s\000:\000\040\000W\000h\000e\000n\000\040\000C\000o\000o\000r\000d\000i\000n\000a\000t\000e\000\040\000C\000o\000u\000p\000l\000i\000n\000g\000\040\000I\000s\000\040\000S\000a\000c\000r\000i\000f\000i\000c\000e\000d}{section.80}% 35
\BOOKMARK [2][-]{subsection.98}{\376\377\000S\000y\000n\000t\000h\000e\000s\000i\000s\000:\000\040\000P\000r\000e\000c\000i\000s\000i\000o\000n\000\040\000P\000e\000r\000\040\000T\000r\000a\000i\000n\000i\000n\000g\000\040\000H\000o\000u\000r\000\040\000R\000e\000q\000u\000i\000r\000e\000s\000\040\000A\000d\000e\000q\000u\000a\000t\000e\000\040\000C\000o\000v\000e\000r\000a\000g\000e\000\040\000a\000n\000d\000\040\000C\000o\000u\000p\000l\000i\000n\000g}{section.80}% 36
\BOOKMARK [1][-]{section.99}{\376\377\000S\000p\000a\000t\000i\000a\000l\000-\000T\000e\000m\000p\000o\000r\000a\000l\000\040\000A\000s\000y\000m\000m\000e\000t\000r\000y}{chapter.58}% 37
\BOOKMARK [2][-]{subsection.100}{\376\377\000N\000o\000n\000-\000U\000n\000i\000f\000o\000r\000m\000\040\000H\000a\000s\000h\000m\000a\000p\000\040\000S\000i\000z\000i\000n\000g\000\040\000i\000n\000\040\000Q\000u\000a\000d\000C\000u\000b\000e\000s}{section.99}% 38
\BOOKMARK [2][-]{subsection.102}{\376\377\000C\000o\000m\000b\000i\000n\000e\000d\000C\000u\000b\000e\000s\000:\000\040\000T\000h\000e\000\040\000A\000r\000c\000h\000i\000t\000e\000c\000t\000u\000r\000a\000l\000\040\000C\000o\000n\000s\000e\000q\000u\000e\000n\000c\000e\000\040\000o\000f\000\040\000t\000h\000e\000\040\000A\000s\000y\000m\000m\000e\000t\000r\000y}{section.99}% 39
\BOOKMARK [2][-]{subsection.106}{\376\377\000D\000e\000n\000s\000e\000\040\000T\000e\000m\000p\000o\000r\000a\000l\000\040\000E\000n\000c\000o\000d\000e\000r\000s\000\040\000i\000n\000\040\000C\000o\000m\000b\000i\000n\000e\000d\000C\000u\000b\000e\000s}{section.99}% 40
\BOOKMARK [2][-]{subsection.108}{\376\377\000S\000y\000n\000t\000h\000e\000s\000i\000s\000:\000\040\000T\000h\000e\000\040\000R\000i\000g\000h\000t\000\040\000A\000r\000c\000h\000i\000t\000e\000c\000t\000u\000r\000e\000\040\000R\000e\000f\000l\000e\000c\000t\000s\000\040\000t\000h\000e\000\040\000S\000t\000r\000u\000c\000t\000u\000r\000e\000\040\000o\000f\000\040\000t\000h\000e\000\040\000P\000r\000o\000b\000l\000e\000m}{section.99}% 41
\BOOKMARK [0][-]{chapter.109}{\376\377\000E\000n\000c\000o\000d\000e\000r\000\040\000O\000p\000t\000i\000m\000i\000s\000a\000t\000i\000o\000n\000:\000\040\000S\000y\000n\000t\000h\000e\000s\000i\000s\000\040\000a\000n\000d\000\040\000C\000o\000m\000p\000a\000r\000i\000s\000o\000n}{part.57}% 42
\BOOKMARK [1][-]{section.110}{\376\377\000C\000a\000n\000d\000i\000d\000a\000t\000e\000\040\000C\000o\000n\000f\000i\000g\000u\000r\000a\000t\000i\000o\000n\000s}{chapter.109}% 43
\BOOKMARK [1][-]{section.111}{\376\377\000U\000n\000i\000f\000i\000e\000d\000\040\000C\000o\000m\000p\000a\000r\000i\000s\000o\000n}{chapter.109}% 44
\BOOKMARK [1][-]{section.113}{\376\377\000D\000i\000s\000c\000u\000s\000s\000i\000o\000n}{chapter.109}% 45
\BOOKMARK [2][-]{subsection.114}{\376\377\000W\000h\000a\000t\000\040\000t\000h\000e\000\040\000T\000h\000r\000e\000e\000\040\000C\000o\000n\000f\000i\000g\000u\000r\000a\000t\000i\000o\000n\000s\000\040\000R\000e\000p\000r\000e\000s\000e\000n\000t}{section.113}% 46
\BOOKMARK [2][-]{subsection.115}{\376\377\000H\000a\000r\000d\000w\000a\000r\000e\000-\000S\000p\000e\000c\000i\000f\000i\000c\000\040\000R\000e\000c\000o\000m\000m\000e\000n\000d\000a\000t\000i\000o\000n\000s}{section.113}% 47
\BOOKMARK [2][-]{subsection.116}{\376\377\000A\000d\000d\000i\000t\000i\000v\000i\000t\000y\000\040\000o\000f\000\040\000t\000h\000e\000\040\000T\000w\000o\000\040\000I\000m\000p\000r\000o\000v\000e\000m\000e\000n\000t\000s}{section.113}% 48
\BOOKMARK [-1][-]{part.117}{\376\377\000I\000I\000\040\000C\000o\000n\000t\000i\000n\000u\000o\000u\000s\000\040\000S\000c\000a\000n\000n\000i\000n\000g}{}% 49
\BOOKMARK [0][-]{chapter.118}{\376\377\000C\000o\000n\000t\000i\000n\000u\000o\000u\000s\000\040\000S\000c\000a\000n\000n\000i\000n\000g}{part.117}% 50
\BOOKMARK [1][-]{section.119}{\376\377\000T\000h\000e\000o\000r\000y}{chapter.118}% 51
\BOOKMARK [2][-]{subsection.120}{\376\377\000S\000t\000e\000p\000-\000a\000n\000d\000-\000S\000h\000o\000o\000t\000\040\000V\000e\000r\000s\000u\000s\000\040\000C\000o\000n\000t\000i\000n\000u\000o\000u\000s\000\040\000R\000o\000t\000a\000t\000i\000o\000n}{section.119}% 52
\BOOKMARK [2][-]{subsection.123}{\376\377\000I\000m\000p\000l\000i\000c\000a\000t\000i\000o\000n\000s\000\040\000f\000o\000r\000\040\000D\000y\000n\000a\000m\000i\000c\000\040\000I\000m\000a\000g\000i\000n\000g}{section.119}% 53
\BOOKMARK [2][-]{subsection.124}{\376\377\000C\000o\000n\000t\000i\000n\000u\000o\000u\000s\000-\000S\000c\000a\000n\000\040\000F\000o\000r\000w\000a\000r\000d\000\040\000M\000o\000d\000e\000l}{section.119}% 54
\BOOKMARK [1][-]{section.127}{\376\377\000M\000e\000t\000h\000o\000d}{chapter.118}% 55
\BOOKMARK [2][-]{subsection.128}{\376\377\000K\000-\000S\000t\000e\000p\000\040\000M\000i\000d\000p\000o\000i\000n\000t\000\040\000A\000p\000p\000r\000o\000x\000i\000m\000a\000t\000i\000o\000n}{section.127}% 56
\BOOKMARK [2][-]{subsection.130}{\376\377\000I\000m\000p\000l\000e\000m\000e\000n\000t\000a\000t\000i\000o\000n\000\040\000i\000n\000\040\000N\000e\000C\000T\000v\0002}{section.127}% 57
\BOOKMARK [2][-]{subsection.132}{\376\377\000G\000r\000a\000d\000i\000e\000n\000t\000\040\000C\000h\000e\000c\000k\000p\000o\000i\000n\000t\000i\000n\000g}{section.127}% 58
\BOOKMARK [2][-]{subsection.133}{\376\377\000H\000y\000p\000e\000r\000p\000a\000r\000a\000m\000e\000t\000e\000r\000s\000\040\000a\000n\000d\000\040\000T\000r\000a\000i\000n\000i\000n\000g\000\040\000P\000r\000o\000t\000o\000c\000o\000l}{section.127}% 59
\BOOKMARK [1][-]{section.134}{\376\377\000E\000x\000p\000e\000r\000i\000m\000e\000n\000t\000s\000:\000\040\000S\000t\000a\000t\000i\000c\000\040\000V\000a\000l\000i\000d\000a\000t\000i\000o\000n}{chapter.118}% 60
\BOOKMARK [2][-]{subsection.135}{\376\377\000D\000a\000t\000a\000s\000e\000t}{section.134}% 61
\BOOKMARK [2][-]{subsection.137}{\376\377\000E\000v\000a\000l\000u\000a\000t\000i\000o\000n\000\040\000M\000e\000t\000r\000i\000c\000s}{section.134}% 62
\BOOKMARK [2][-]{subsection.138}{\376\377\000R\000e\000s\000u\000l\000t\000s}{section.134}% 63
\BOOKMARK [1][-]{section.139}{\376\377\000E\000x\000p\000e\000r\000i\000m\000e\000n\000t\000s\000:\000\040\000D\000y\000n\000a\000m\000i\000c\000\040\000H\000o\000u\000r\000g\000l\000a\000s\000s}{chapter.118}% 64
\BOOKMARK [2][-]{subsection.140}{\376\377\000D\000a\000t\000a\000s\000e\000t}{section.139}% 65
\BOOKMARK [2][-]{subsection.145}{\376\377\000R\000e\000s\000u\000l\000t\000s}{section.139}% 66
\BOOKMARK [1][-]{section.147}{\376\377\000D\000i\000s\000c\000u\000s\000s\000i\000o\000n}{chapter.118}% 67
\BOOKMARK [2][-]{subsection.148}{\376\377\000V\000a\000l\000i\000d\000i\000t\000y\000\040\000o\000f\000\040\000t\000h\000e\000\040\000F\000o\000r\000w\000a\000r\000d\000\040\000M\000o\000d\000e\000l}{section.147}% 68
\BOOKMARK [2][-]{subsection.149}{\376\377\000B\000e\000n\000e\000f\000i\000t\000s\000\040\000a\000n\000d\000\040\000C\000o\000s\000t\000s\000\040\000f\000o\000r\000\040\000D\000y\000n\000a\000m\000i\000c\000\040\000I\000m\000a\000g\000i\000n\000g}{section.147}% 69
\BOOKMARK [2][-]{subsection.150}{\376\377\000L\000i\000m\000i\000t\000a\000t\000i\000o\000n\000s\000\040\000a\000n\000d\000\040\000E\000x\000t\000e\000n\000s\000i\000o\000n\000s}{section.147}% 70
\BOOKMARK [0][-]{chapter.151}{\376\377\000C\000o\000n\000c\000l\000u\000s\000i\000o\000n}{part.117}% 71
\BOOKMARK [1][-]{section.152}{\376\377\000S\000u\000m\000m\000a\000r\000y\000\040\000o\000f\000\040\000C\000o\000n\000t\000r\000i\000b\000u\000t\000i\000o\000n\000s}{chapter.151}% 72
\BOOKMARK [1][-]{section.153}{\376\377\000L\000i\000m\000i\000t\000a\000t\000i\000o\000n\000s\000\040\000a\000n\000d\000\040\000F\000u\000t\000u\000r\000e\000\040\000W\000o\000r\000k}{chapter.151}% 73
\BOOKMARK [0][-]{appendix.155}{\376\377\000S\000u\000p\000p\000l\000e\000m\000e\000n\000t\000a\000r\000y\000\040\000E\000x\000p\000e\000r\000i\000m\000e\000n\000t\000a\000l\000\040\000D\000e\000t\000a\000i\000l\000s}{part.117}% 74
\BOOKMARK [0][-]{appendix.156}{\376\377\000N\000e\000C\000T\000v\0002\000\040\000H\000y\000p\000e\000r\000p\000a\000r\000a\000m\000e\000t\000e\000r\000\040\000R\000e\000f\000e\000r\000e\000n\000c\000e}{part.117}% 75
